android/app/build/outputs/mapping/release/seeds.txt
com.pinganjin.MainActivity
com.pinganjin.MainActivity: MainActivity()
com.pinganjin.MainApplication
com.pinganjin.MainApplication: MainApplication()
com.pinganjin.R$anim: int abc_fade_in
com.pinganjin.R$anim: int abc_fade_out
com.pinganjin.R$anim: int abc_grow_fade_in_from_bottom
com.pinganjin.R$anim: int abc_popup_enter
com.pinganjin.R$anim: int abc_popup_exit
com.pinganjin.R$anim: int abc_shrink_fade_out_from_bottom
com.pinganjin.R$anim: int abc_slide_in_bottom
com.pinganjin.R$anim: int abc_slide_in_top
com.pinganjin.R$anim: int abc_slide_out_bottom
com.pinganjin.R$anim: int abc_slide_out_top
com.pinganjin.R$anim: int catalyst_push_up_in
com.pinganjin.R$anim: int catalyst_push_up_out
com.pinganjin.R$anim: int fade_in
com.pinganjin.R$anim: int fade_out
com.pinganjin.R$anim: int slide_down
com.pinganjin.R$anim: int slide_up
com.pinganjin.R$attr: int actionBarDivider
com.pinganjin.R$attr: int actionBarItemBackground
com.pinganjin.R$attr: int actionBarPopupTheme
com.pinganjin.R$attr: int actionBarSize
com.pinganjin.R$attr: int actionBarSplitStyle
com.pinganjin.R$attr: int actionBarStyle
com.pinganjin.R$attr: int actionBarTabBarStyle
com.pinganjin.R$attr: int actionBarTabStyle
com.pinganjin.R$attr: int actionBarTabTextStyle
com.pinganjin.R$attr: int actionBarTheme
com.pinganjin.R$attr: int actionBarWidgetTheme
com.pinganjin.R$attr: int actionButtonStyle
com.pinganjin.R$attr: int actionDropDownStyle
com.pinganjin.R$attr: int actionLayout
com.pinganjin.R$attr: int actionMenuTextAppearance
com.pinganjin.R$attr: int actionMenuTextColor
com.pinganjin.R$attr: int actionModeBackground
com.pinganjin.R$attr: int actionModeCloseButtonStyle
com.pinganjin.R$attr: int actionModeCloseDrawable
com.pinganjin.R$attr: int actionModeCopyDrawable
com.pinganjin.R$attr: int actionModeCutDrawable
com.pinganjin.R$attr: int actionModeFindDrawable
com.pinganjin.R$attr: int actionModePasteDrawable
com.pinganjin.R$attr: int actionModePopupWindowStyle
com.pinganjin.R$attr: int actionModeSelectAllDrawable
com.pinganjin.R$attr: int actionModeShareDrawable
com.pinganjin.R$attr: int actionModeSplitBackground
com.pinganjin.R$attr: int actionModeStyle
com.pinganjin.R$attr: int actionModeWebSearchDrawable
com.pinganjin.R$attr: int actionOverflowButtonStyle
com.pinganjin.R$attr: int actionOverflowMenuStyle
com.pinganjin.R$bool: int abc_action_bar_embed_tabs
com.pinganjin.R$bool: int abc_action_bar_embed_tabs_pre_jb
com.pinganjin.R$bool: int abc_action_bar_expanded_action_views_exclusive
com.pinganjin.R$bool: int abc_config_actionMenuItemAllCaps
com.pinganjin.R$bool: int abc_config_allowActionMenuItemTextWithIcon
com.pinganjin.R$bool: int abc_config_closeDialogWhenTouchOutside
com.pinganjin.R$bool: int abc_config_showMenuShortcutsWhenKeyboardPresent
...
com.facebook.react.modules.network.NetworkingModule
com.facebook.react.modules.network.NetworkingModule: java.lang.String CONTENT_ENCODING_HEADER_NAME
com.facebook.react.modules.network.NetworkingModule: java.lang.String CONTENT_TYPE_HEADER_NAME
com.facebook.react.modules.network.NetworkingModule: java.lang.String REQUEST_BODY_KEY_STRING
com.facebook.react.modules.network.NetworkingModule: java.lang.String REQUEST_BODY_KEY_URI
com.facebook.react.modules.network.NetworkingModule: java.lang.String REQUEST_BODY_KEY_FORMDATA
com.facebook.react.modules.network.NetworkingModule: java.lang.String USER_AGENT_HEADER_NAME
com.facebook.react.modules.network.NetworkingModule: int CHUNK_TIMEOUT_NS
com.facebook.react.modules.network.NetworkingModule: int MAX_CHUNK_SIZE_BETWEEN_FLUSHES
com.facebook.react.modules.network.NetworkingModule: okhttp3.OkHttpClient mClient
com.facebook.react.modules.network.NetworkingModule: com.facebook.react.modules.network.ForwardingCookieHandler mCookieHandler
com.facebook.react.modules.network.NetworkingModule: java.lang.String mDefaultUserAgent
com.facebook.react.modules.network.NetworkingModule: com.facebook.react.modules.network.CookieJarContainer mCookieJarContainer
com.facebook.react.modules.network.NetworkingModule: java.util.Set mRequestIds
com.facebook.react.modules.network.NetworkingModule: boolean mShuttingDown
com.facebook.react.modules.permissions.PermissionsModule
com.facebook.react.modules.permissions.PermissionsModule: java.lang.String ERROR_INVALID_ACTIVITY
com.facebook.react.modules.permissions.PermissionsModule: android.util.SparseArray mCallbacks
com.facebook.react.modules.permissions.PermissionsModule: int mRequestCode
com.facebook.react.modules.permissions.PermissionsModule: PermissionsModule(com.facebook.react.bridge.ReactApplicationContext)
com.facebook.react.modules.permissions.PermissionsModule: java.lang.String getName()
com.facebook.react.modules.permissions.PermissionsModule: void checkPermission(java.lang.String,com.facebook.react.bridge.Promise)
com.facebook.react.modules.permissions.PermissionsModule: void shouldShowRequestPermissionRationale(java.lang.String,com.facebook.react.bridge.Promise)
com.facebook.react.modules.permissions.PermissionsModule: void requestPermission(java.lang.String,com.facebook.react.bridge.Promise)
com.facebook.react.modules.permissions.PermissionsModule: boolean onRequestPermissionsResult(int,java.lang.String[],int[])
com.facebook.react.modules.permissions.PermissionsModule: com.facebook.react.modules.core.PermissionAwareActivity getPermissionAwareActivity()
com.facebook.react.modules.share.ShareModule
com.facebook.react.modules.share.ShareModule: java.lang.String ACTION_SHARED
com.facebook.react.modules.share.ShareModule: java.lang.String ERROR_INVALID_CONTENT
com.facebook.react.modules.share.ShareModule: java.lang.String ERROR_UNABLE_TO_OPEN_DIALOG
com.facebook.react.modules.share.ShareModule: ShareModule(com.facebook.react.bridge.ReactApplicationContext)
com.facebook.react.modules.share.ShareModule: java.lang.String getName()
com.facebook.react.modules.share.ShareModule: void share(com.facebook.react.bridge.ReadableMap,java.lang.String,com.facebook.react.bridge.Promise)
com.facebook.react.modules.statusbar.StatusBarModule
com.facebook.react.modules.statusbar.StatusBarModule: java.lang.String HEIGHT_KEY
com.facebook.react.modules.statusbar.StatusBarModule: StatusBarModule(com.facebook.react.bridge.ReactApplicationContext)
com.facebook.react.modules.statusbar.StatusBarModule: java.lang.String getName()
com.facebook.react.modules.statusbar.StatusBarModule: java.util.Map getConstants()
com.facebook.react.modules.statusbar.StatusBarModule: void setColor(int,boolean)
com.facebook.react.modules.statusbar.StatusBarModule: void setTranslucent(boolean)
com.facebook.react.modules.statusbar.StatusBarModule: void setHidden(boolean)
com.facebook.react.modules.statusbar.StatusBarModule: void setStyle(java.lang.String)