android/app/build/outputs/mapping/release/usage.txt
com.pinganjin.BuildConfig
com.pinganjin.R
com.pinganjin.R$anim
com.pinganjin.R$attr
com.pinganjin.R$bool
com.pinganjin.R$color
com.pinganjin.R$dimen
com.pinganjin.R$drawable
com.pinganjin.R$id
com.pinganjin.R$integer
com.pinganjin.R$layout
com.pinganjin.R$mipmap
com.pinganjin.R$string
com.pinganjin.R$style
com.pinganjin.R$styleable
com.pinganjin.R$xml
...
android.support.v4.media.MediaBrowserServiceCompatApi23
android.support.v4.media.MediaBrowserServiceCompatApi23$ItemCallback
android.support.v4.media.MediaBrowserServiceCompatApi23$MediaBrowserServiceAdaptorApi23
android.support.v4.media.MediaBrowserServiceCompatApi23$MediaBrowserServiceAdaptorApi23$ServiceBinderProxyApi23
android.support.v4.media.MediaBrowserServiceCompatApi23$MediaBrowserServiceAdaptorApi23$ServiceBinderProxyApi23$1
android.support.v4.media.MediaBrowserServiceCompatApi23$ServiceImplApi23
android.support.v4.media.MediaDescriptionCompat
android.support.v4.media.MediaDescriptionCompat$1
android.support.v4.media.MediaDescriptionCompat$Builder
android.support.v4.media.MediaDescriptionCompatApi21
android.support.v4.media.MediaDescriptionCompatApi21$Builder
android.support.v4.media.MediaDescriptionCompatApi23
android.support.v4.media.MediaDescriptionCompatApi23$Builder
android.support.v4.media.MediaMetadataCompat
android.support.v4.media.MediaMetadataCompat$1
android.support.v4.media.MediaMetadataCompat$BitmapKey
android.support.v4.media.MediaMetadataCompat$Builder
android.support.v4.media.MediaMetadataCompat$LongKey
android.support.v4.media.MediaMetadataCompat$RatingKey
android.support.v4.media.MediaMetadataCompat$TextKey
android.support.v4.media.MediaMetadataCompatApi21
android.support.v4.media.MediaMetadataCompatApi21$Builder
android.support.v4.media.ParceledListSliceAdapterApi21
android.support.v4.media.RatingCompat
android.support.v4.media.RatingCompat$1
android.support.v4.media.RatingCompat$StarStyle
android.support.v4.media.RatingCompat$Style
android.support.v4.media.RatingCompatApi21
android.support.v4.media.TransportController
android.support.v4.media.TransportMediator
android.support.v4.media.TransportMediator$1
android.support.v4.media.TransportMediator$2
android.support.v4.media.TransportMediatorCallback
android.support.v4.media.TransportMediatorJellybeanMR2
android.support.v4.media.TransportMediatorJellybeanMR2$1
android.support.v4.media.TransportMediatorJellybeanMR2$2
android.support.v4.media.TransportMediatorJellybeanMR2$3
android.support.v4.media.TransportMediatorJellybeanMR2$4
android.support.v4.media.TransportMediatorJellybeanMR2$5
android.support.v4.media.TransportMediatorJellybeanMR2$6
android.support.v4.media.TransportPerformer
android.support.v4.media.TransportStateListener
android.support.v4.media.VolumeProviderCompat
android.support.v4.media.VolumeProviderCompat$1
android.support.v4.media.VolumeProviderCompat$Callback
android.support.v4.media.VolumeProviderCompat$ControlType
android.support.v4.media.VolumeProviderCompatApi21
android.support.v4.media.VolumeProviderCompatApi21$1
android.support.v4.media.VolumeProviderCompatApi21$Delegate
android.support.v4.media.session.IMediaControllerCallback
android.support.v4.media.session.IMediaControllerCallback$Stub
android.support.v4.media.session.IMediaControllerCallback$Stub$Proxy
android.support.v4.media.session.IMediaSession
android.support.v4.media.session.IMediaSession$Stub
android.support.v4.media.session.IMediaSession$Stub$Proxy
android.support.v4.media.session.MediaButtonReceiver
android.support.v4.media.session.MediaControllerCompat
android.support.v4.media.session.MediaControllerCompat$1
android.support.v4.media.session.MediaControllerCompat$Callback
android.support.v4.media.session.MediaControllerCompat$Callback$MessageHandler
android.support.v4.media.session.MediaControllerCompat$Callback$StubApi21
android.support.v4.media.session.MediaControllerCompat$Callback$StubCompat
android.support.v4.media.session.MediaControllerCompat$MediaControllerImpl
android.support.v4.media.session.MediaControllerCompat$MediaControllerImplApi21
android.support.v4.media.session.MediaControllerCompat$MediaControllerImplApi23
android.support.v4.media.session.MediaControllerCompat$MediaControllerImplBase
android.support.v4.media.session.MediaControllerCompat$PlaybackInfo
android.support.v4.media.session.MediaControllerCompat$TransportControls